
/home/runner/work/exp-local-beam-search-iiith/exp-local-beam-search-iiith/experiment/simulation/js/board.js
    2:30  warning  'None' is not defined                                       no-undef
  236:46  warning  'seed' is assigned a value but never used                   no-unused-vars
  329:21  warning  'isPractice' is not defined                                 no-undef
  353:13  warning  'isQuestion' is not defined                                 no-undef
  371:13  warning  'started' is not defined                                    no-undef
  408:14  warning  'NoQuestion' is not defined                                 no-undef
  412:14  warning  'isQuestion' is not defined                                 no-undef
  412:28  warning  'isAnswer' is not defined                                   no-undef
  456:20  warning  'chance' is not defined                                     no-undef
  457:13  warning  'isQuestion' is not defined                                 no-undef
  458:13  warning  'isAnswer' is not defined                                   no-undef
  460:17  warning  'question' is not defined                                   no-undef
  464:17  warning  'isQ1' is not defined                                       no-undef
  465:17  warning  'chosen' is not defined                                     no-undef
  466:44  warning  'chosen' is not defined                                     no-undef
  466:53  warning  'chosen' is not defined                                     no-undef
  470:17  warning  'isQ2' is not defined                                       no-undef
  471:17  warning  'chosen' is not defined                                     no-undef
  472:44  warning  'chosen' is not defined                                     no-undef
  472:53  warning  'chosen' is not defined                                     no-undef
  481:9   warning  'qrow' is not defined                                       no-undef
  482:9   warning  'qcol' is not defined                                       no-undef
  484:21  warning  'qrow' is not defined                                       no-undef
  484:27  warning  'qcol' is not defined                                       no-undef
  486:49  warning  'qcol' is not defined                                       no-undef
  486:58  warning  'qrow' is not defined                                       no-undef
  487:13  warning  'qrow' is not defined                                       no-undef
  487:21  warning  'qrow' is not defined                                       no-undef
  490:28  warning  'qrow' is not defined                                       no-undef
  490:39  warning  'qcol' is not defined                                       no-undef
  503:9   warning  'q2col' is not defined                                      no-undef
  506:9   warning  'q2row' is not defined                                      no-undef
  506:53  warning  'q2col' is not defined                                      no-undef
  507:28  warning  'q2row' is not defined                                      no-undef
  507:40  warning  'q2col' is not defined                                      no-undef
  549:13  warning  'updateValue' is not defined                                no-undef
  601:11  warning  'svgElement' is defined but never used                      no-unused-vars
  603:9   warning  'started' is not defined                                    no-undef
  624:9   warning  'isQ1' is not defined                                       no-undef
  625:9   warning  'isQ2' is not defined                                       no-undef
  626:9   warning  'isQuestion' is not defined                                 no-undef
  627:9   warning  'isStuck' is not defined                                    no-undef
  629:9   warning  'next_count' is not defined                                 no-undef
  663:9   warning  'started' is not defined                                    no-undef
  668:9   warning  'size' is not defined                                       no-undef
  669:18  warning  'size' is not defined                                       no-undef
  670:9   warning  'size' is not defined                                       no-undef
  670:27  warning  'size' is not defined                                       no-undef
  698:21  warning  'isPractice' is not defined                                 no-undef
  699:49  warning  'size' is not defined                                       no-undef
  705:49  warning  'size' is not defined                                       no-undef
  732:13  warning  'agent' is not defined                                      no-undef
  733:34  warning  'agent' is not defined                                      no-undef
  737:15  warning  'heuristicValueElement' is assigned a value but never used  no-unused-vars

/home/runner/work/exp-local-beam-search-iiith/exp-local-beam-search-iiith/experiment/simulation/js/main.js
    3:5   warning  'qrow' is defined but never used                 no-unused-vars
    4:5   warning  'qcol' is defined but never used                 no-unused-vars
    5:5   warning  'isPractice' is assigned a value but never used  no-unused-vars
    6:5   warning  'isStuck' is assigned a value but never used     no-unused-vars
    7:5   warning  'chosen' is defined but never used               no-unused-vars
    9:5   warning  'q2row' is defined but never used                no-unused-vars
   10:5   warning  'q2col' is defined but never used                no-unused-vars
   16:5   warning  'beam' is defined but never used                 no-unused-vars
   18:10  warning  'start' is defined but never used                no-unused-vars
   64:9   warning  'history_new' is not defined                     no-undef
   71:13  warning  'history_new' is not defined                     no-undef
   75:30  warning  'history_new' is not defined                     no-undef
   81:9   warning  'history_new' is not defined                     no-undef
   88:13  warning  'history_new' is not defined                     no-undef
   91:30  warning  'history_new' is not defined                     no-undef
   97:9   warning  'history_new' is not defined                     no-undef
  104:13  warning  'history_new' is not defined                     no-undef
  107:30  warning  'history_new' is not defined                     no-undef

/home/runner/work/exp-local-beam-search-iiith/exp-local-beam-search-iiith/experiment/simulation/js/question.js
   2:5   warning  'isQuestion' is assigned a value but never used     no-unused-vars
   3:5   warning  'isObservation' is assigned a value but never used  no-unused-vars
   4:5   warning  'isAnswer' is assigned a value but never used       no-unused-vars
   5:5   warning  'isQ1' is assigned a value but never used           no-unused-vars
   6:5   warning  'isQ2' is assigned a value but never used           no-unused-vars
  11:5   warning  'NoQuestion' is assigned a value but never used     no-unused-vars
  13:5   warning  'chance' is assigned a value but never used         no-unused-vars
  21:10  warning  'question' is defined but never used                no-unused-vars
  30:10  warning  'submit' is defined but never used                  no-unused-vars
  33:24  warning  'chosen' is not defined                             no-undef
  33:32  warning  'qcol' is not defined                               no-undef
  33:37  warning  'size' is not defined                               no-undef
  33:44  warning  'qrow' is not defined                               no-undef
  80:10  warning  'ans2' is defined but never used                    no-unused-vars
  89:3   warning  'agent' is not defined                              no-undef
  89:14  warning  'chosen' is not defined                             no-undef

/home/runner/work/exp-local-beam-search-iiith/exp-local-beam-search-iiith/experiment/simulation/js/refresh.js
    3:5    warning  'side' is assigned a value but never used  no-unused-vars
    9:5    warning  'beam' is not defined                      no-undef
   10:9    warning  'beam' is not defined                      no-undef
   13:14   warning  'beam' is not defined                      no-undef
   13:67   warning  'beam' is not defined                      no-undef
   13:131  warning  'beam' is not defined                      no-undef
   22:9    warning  'beam' is not defined                      no-undef
   25:14   warning  'beam' is not defined                      no-undef
   31:13   warning  'started' is not defined                   no-undef
   39:25   warning  'isQuestion' is not defined                no-undef
   40:29   warning  'next_count' is not defined                no-undef
   41:29   warning  'agent' is not defined                     no-undef
   42:29   warning  'next_count' is not defined                no-undef
   44:29   warning  'agent' is not defined                     no-undef
   45:29   warning  'next_count' is not defined                no-undef
   63:9    warning  'started' is not defined                   no-undef
   86:9    warning  'isQuestion' is not defined                no-undef
   86:23   warning  'isObservation' is not defined             no-undef
   95:9    warning  'ans_count' is not defined                 no-undef
   95:27   warning  'ans2_count' is not defined                no-undef
   99:6    warning  'isObservation' is not defined             no-undef
  105:13   warning  'isQ1' is not defined                      no-undef
  106:2    warning  Mixed spaces and tabs                      no-mixed-spaces-and-tabs
  109:2    warning  Mixed spaces and tabs                      no-mixed-spaces-and-tabs
  113:5    warning  'agent' is not defined                     no-undef

✖ 113 problems (0 errors, 113 warnings)

